Flutter crash report; please file at https://github.com/flutter/flutter/issues.

## command

flutter build bundle --suppress-analytics --target C:\Users\yalla pradeep\AndroidStudioProjects\flutter_eat_social\lib\main.dart --preview-dart-2 --depfile C:\Users\yalla pradeep\AndroidStudioProjects\flutter_eat_social\build\app\intermediates\flutter\debug/snapshot_blob.bin.d --asset-dir C:\Users\yalla pradeep\AndroidStudioProjects\flutter_eat_social\build\app\intermediates\flutter\debug/flutter_assets

## exception

FileSystemException: FileSystemException: Cannot open file, path = 'C:\flutter\bin\cache\downloads\storage.googleapis.com\flutter_infra\flutter\06afdfe54ebef9168a90ca00a6721c2d36e6aafa\android-arm64-release\artifacts.zip' (OS Error: The system cannot find the path specified.
, errno = 3)

```
#0      _File.throwIfError (dart:io/file_impl.dart:631)
#1      _File.openSync (dart:io/file_impl.dart:475)
#2      _File.writeAsBytesSync (dart:io/file_impl.dart:600)
#3      LocalFileSystemEntity&ForwardingFile.writeAsBytesSync (package:file/src/forwarding/forwarding_file.dart:124)
#4      _downloadFile (package:flutter_tools/src/cache.dart:552)
<asynchronous suspension>
#5      CachedArtifact._downloadArchive.<anonymous closure> (package:flutter_tools/src/cache.dart:285)
<asynchronous suspension>
#6      CachedArtifact._withDownloadFile (package:flutter_tools/src/cache.dart:311)
<asynchronous suspension>
#7      CachedArtifact._downloadArchive (package:flutter_tools/src/cache.dart:282)
#8      CachedArtifact._downloadZipArchive (package:flutter_tools/src/cache.dart:298)
#9      FlutterEngine.updateInner (package:flutter_tools/src/cache.dart:470)
<asynchronous suspension>
#10     CachedArtifact.update (package:flutter_tools/src/cache.dart:245)
<asynchronous suspension>
#11     Cache.updateAll (package:flutter_tools/src/cache.dart:201)
<asynchronous suspension>
#12     FlutterCommand.verifyThenRunCommand (package:flutter_tools/src/runner/flutter_command.dart:328)
<asynchronous suspension>
#13     FlutterCommand.run.<anonymous closure> (package:flutter_tools/src/runner/flutter_command.dart:279)
<asynchronous suspension>
#14     AppContext.run.<anonymous closure> (package:flutter_tools/src/base/context.dart:142)
<asynchronous suspension>
#15     _rootRun (dart:async/zone.dart:1126)
#16     _CustomZone.run (dart:async/zone.dart:1023)
#17     runZoned (dart:async/zone.dart:1501)
#18     AppContext.run (package:flutter_tools/src/base/context.dart:141)
<asynchronous suspension>
#19     FlutterCommand.run (package:flutter_tools/src/runner/flutter_command.dart:270)
#20     CommandRunner.runCommand (package:args/command_runner.dart:194)
<asynchronous suspension>
#21     FlutterCommandRunner.runCommand.<anonymous closure> (package:flutter_tools/src/runner/flutter_command_runner.dart:309)
<asynchronous suspension>
#22     AppContext.run.<anonymous closure> (package:flutter_tools/src/base/context.dart:142)
<asynchronous suspension>
#23     _rootRun (dart:async/zone.dart:1126)
#24     _CustomZone.run (dart:async/zone.dart:1023)
#25     runZoned (dart:async/zone.dart:1501)
#26     AppContext.run (package:flutter_tools/src/base/context.dart:141)
<asynchronous suspension>
#27     FlutterCommandRunner.runCommand (package:flutter_tools/src/runner/flutter_command_runner.dart:265)
<asynchronous suspension>
#28     CommandRunner.run.<anonymous closure> (package:args/command_runner.dart:109)
#29     new Future.sync (dart:async/future.dart:222)
#30     CommandRunner.run (package:args/command_runner.dart:109)
#31     FlutterCommandRunner.run (package:flutter_tools/src/runner/flutter_command_runner.dart:174)
#32     run.<anonymous closure> (package:flutter_tools/runner.dart:54)
<asynchronous suspension>
#33     AppContext.run.<anonymous closure> (package:flutter_tools/src/base/context.dart:142)
<asynchronous suspension>
#34     _rootRun (dart:async/zone.dart:1126)
#35     _CustomZone.run (dart:async/zone.dart:1023)
#36     runZoned (dart:async/zone.dart:1501)
#37     AppContext.run (package:flutter_tools/src/base/context.dart:141)
<asynchronous suspension>
#38     runInContext (package:flutter_tools/src/context_runner.dart:43)
<asynchronous suspension>
#39     run (package:flutter_tools/runner.dart:49)
#40     main (package:flutter_tools/executable.dart:49)
<asynchronous suspension>
#41     main (file:///c:/flutter/packages/flutter_tools/bin/flutter_tools.dart:8)
#42     _startIsolate.<anonymous closure> (dart:isolate-patch/dart:isolate/isolate_patch.dart:277)
#43     _RawReceivePortImpl._handleMessage (dart:isolate-patch/dart:isolate/isolate_patch.dart:165)
```

## flutter doctor

```
[✓] Flutter (Channel beta, v0.4.4, on Microsoft Windows [Version 10.0.16299.431], locale en-IN)
    • Flutter version 0.4.4 at C:\flutter
    • Framework revision f9bb4289e9 (3 weeks ago), 2018-05-11 21:44:54 -0700
    • Engine revision 06afdfe54e
    • Dart version 2.0.0-dev.54.0.flutter-46ab040e58

[✓] Android toolchain - develop for Android devices (Android SDK 27.0.3)
    • Android SDK at C:\Users\yalla pradeep\AppData\Local\Android\sdk
    • Android NDK location not configured (optional; useful for native profiling support)
    • Platform android-27, build-tools 27.0.3
    • Java binary at: C:\Program Files\Android\Android Studio\jre\bin\java
    • Java version OpenJDK Runtime Environment (build 1.8.0_152-release-1024-b02)
    • All Android licenses accepted.

[✓] Android Studio (version 3.1)
    • Android Studio at C:\Program Files\Android\Android Studio
    • Flutter plugin version 24.2.1
    • Dart plugin version 173.4700
    • Java version OpenJDK Runtime Environment (build 1.8.0_152-release-1024-b02)

[✓] Connected devices (1 available)
    • Redmi Note 5 • ae3c68450904 • android-arm64 • Android 7.1.2 (API 25)

• No issues found!
```
